<?xml version="1.0" encoding="UTF-8"?>
<testng-results skipped="0" failed="0" ignored="0" total="2" passed="2">
  <reporter-output>
  </reporter-output>
  <suite name="Default suite" duration-ms="21661" started-at="2019-11-08T11:27:54 IST" finished-at="2019-11-08T11:28:16 IST">
    <groups>
    </groups>
    <test name="Default test" duration-ms="21661" started-at="2019-11-08T11:27:54 IST" finished-at="2019-11-08T11:28:16 IST">
      <class name="SeleniumHDFC.tests.DemoWebShopTest">
        <test-method status="PASS" signature="beforeClass()[pri:0, instance:SeleniumHDFC.tests.DemoWebShopTest@614ddd49]" name="beforeClass" is-config="true" duration-ms="13143" started-at="2019-11-08T11:27:54 IST" finished-at="2019-11-08T11:28:07 IST">
          <reporter-output>
          </reporter-output>
        </test-method> <!-- beforeClass -->
        <test-method status="PASS" signature="testRegister()[pri:0, instance:SeleniumHDFC.tests.DemoWebShopTest@614ddd49]" name="testRegister" duration-ms="3885" started-at="2019-11-08T11:28:07 IST" finished-at="2019-11-08T11:28:11 IST">
          <reporter-output>
          </reporter-output>
        </test-method> <!-- testRegister -->
        <test-method status="PASS" signature="testLogin()[pri:0, instance:SeleniumHDFC.tests.DemoWebShopTest@614ddd49]" name="testLogin" duration-ms="4259" started-at="2019-11-08T11:28:11 IST" depends-on-methods="SeleniumHDFC.tests.DemoWebShopTest.testRegister" finished-at="2019-11-08T11:28:15 IST">
          <reporter-output>
          </reporter-output>
        </test-method> <!-- testLogin -->
        <test-method status="PASS" signature="afterClass()[pri:0, instance:SeleniumHDFC.tests.DemoWebShopTest@614ddd49]" name="afterClass" is-config="true" duration-ms="294" started-at="2019-11-08T11:28:15 IST" finished-at="2019-11-08T11:28:16 IST">
          <reporter-output>
          </reporter-output>
        </test-method> <!-- afterClass -->
      </class> <!-- SeleniumHDFC.tests.DemoWebShopTest -->
    </test> <!-- Default test -->
  </suite> <!-- Default suite -->
</testng-results>
