<?xml version="1.0" encoding="UTF-8"?>
<!-- Generated by org.testng.reporters.JUnitXMLReporter -->
<testsuite hostname="BDC4-D-9Y0N882" ignored="1" name="Test" tests="3" failures="0" timestamp="2019-11-07T10:51:15 IST" time="23.83" errors="0">
  <testcase name="test2" time="0.014" classname="SeleniumHDFC.NewTest7"/>
  <testcase name="test3" time="0.002" classname="SeleniumHDFC.NewTest7"/>
  <testcase name="testDropDown" time="23.746" classname="SeleniumHDFC.NewTest5"/>
  <testcase name="test1" time="0.0" classname="SeleniumHDFC.NewTest7">
    <ignored/>
  </testcase> <!-- test1 -->
</testsuite> <!-- Test -->
